<?xml version="1.0" encoding="UTF-8"?>
<!-- Generated by org.testng.reporters.JUnitXMLReporter -->
<testsuite ignored="0" hostname="kanchans-MacBook-Air.local" failures="0" tests="3" name="Default test" time="49.496" errors="0" timestamp="2025-07-26T18:55:35 IST">
  <testcase classname="EbayImplementation.ebayImplementation" name="LaunchingtheURL" time="11.762"/>
  <testcase classname="EbayImplementation.ebayImplementation" name="EbaySearchBook" time="12.509"/>
  <testcase classname="EbayImplementation.ebayImplementation" name="SelectingthebookandAddToCartandValidate" time="25.071"/>
</testsuite> <!-- Default test -->
